<?xml version="1.0" encoding="UTF-8"?>
<!-- Generated by org.testng.reporters.JUnitXMLReporter -->
<testsuite ignored="3" hostname="LAPTOP-DPUL52C0" failures="0" tests="1" name="Default test" time="6.941" errors="0" timestamp="2025-02-27T13:35:50 IST">
  <testcase classname="com.tutorialsninja.qa.testcases.RegisterTest" name="verifyRegisteringAccountByProvidingAllFields" time="1.791"/>
  <testcase classname="com.tutorialsninja.qa.testcases.RegisterTest" name="verifyRegisteringAccountWithoutFillingAnyDetails" time="0.0">
    <ignored/>
  </testcase> <!-- verifyRegisteringAccountWithoutFillingAnyDetails -->
  <testcase classname="com.tutorialsninja.qa.testcases.RegisterTest" name="verifyRegisteringAnAccountWithMandatoryFields" time="0.0">
    <ignored/>
  </testcase> <!-- verifyRegisteringAnAccountWithMandatoryFields -->
  <testcase classname="com.tutorialsninja.qa.testcases.RegisterTest" name="verifyRegisteringAccountWithExistingEmailAddress" time="0.0">
    <ignored/>
  </testcase> <!-- verifyRegisteringAccountWithExistingEmailAddress -->
</testsuite> <!-- Default test -->
