<?xml version="1.0" encoding="UTF-8"?>
<testng-results ignored="3" total="4" passed="1" failed="0" skipped="0">
  <reporter-output>
  </reporter-output>
  <suite started-at="2025-02-27T13:35:43 IST" name="Default suite" finished-at="2025-02-27T13:35:50 IST" duration-ms="6941">
    <groups>
    </groups>
    <test started-at="2025-02-27T13:35:43 IST" name="Default test" finished-at="2025-02-27T13:35:50 IST" duration-ms="6941">
      <class name="com.tutorialsninja.qa.testcases.RegisterTest">
        <test-method is-config="true" signature="setup()[pri:0, instance:com.tutorialsninja.qa.testcases.RegisterTest@3b0fe47a]" started-at="2025-02-27T13:35:43 IST" name="setup" finished-at="2025-02-27T13:35:48 IST" duration-ms="4842" status="PASS">
          <reporter-output>
          </reporter-output>
        </test-method> <!-- setup -->
        <test-method signature="verifyRegisteringAccountByProvidingAllFields()[pri:2, instance:com.tutorialsninja.qa.testcases.RegisterTest@3b0fe47a]" started-at="2025-02-27T13:35:48 IST" name="verifyRegisteringAccountByProvidingAllFields" finished-at="2025-02-27T13:35:50 IST" duration-ms="1791" status="PASS">
          <reporter-output>
          </reporter-output>
        </test-method> <!-- verifyRegisteringAccountByProvidingAllFields -->
        <test-method is-config="true" signature="tearDown()[pri:0, instance:com.tutorialsninja.qa.testcases.RegisterTest@3b0fe47a]" started-at="2025-02-27T13:35:50 IST" name="tearDown" finished-at="2025-02-27T13:35:50 IST" duration-ms="256" status="PASS">
          <reporter-output>
          </reporter-output>
        </test-method> <!-- tearDown -->
      </class> <!-- com.tutorialsninja.qa.testcases.RegisterTest -->
    </test> <!-- Default test -->
  </suite> <!-- Default suite -->
</testng-results>
